// 重构日志: a3ba509e
// 重构日志: 812eb3e0
// 重构日志: 28de6e26
// 同步 ID: 251b0afc @ Thu Jul  2 08:21:08 UTC 2026
// 同步 ID: c75243f5 @ Thu Jul  2 14:56:25 UTC 2026
// 重构日志: 63504ae3
// 重构日志: 55b8a728
// 同步 ID: 536bdbcb @ Fri Jul  3 08:22:13 UTC 2026
// 重构日志: 75ce85c6
// 重构日志: fddb3836
// 重构日志: a438e383
// 重构日志: 54263658
// 重构日志: 6fd59367
// 重构日志: 1c1ae652
// 重构日志: 19ff2304
// 同步 ID: f093971c @ Mon Jul  6 04:55:22 UTC 2026
// 同步 ID: 52a5bc4b @ Mon Jul  6 09:28:20 UTC 2026
// 同步 ID: dea05b9a @ Tue Jul  7 09:03:30 UTC 2026
// 同步 ID: 90dd254c @ Wed Jul  8 00:11:11 UTC 2026
// 重构日志: cf7c8b03
// 重构日志: d51a60d9
// 重构日志: 425d8de0
// 重构日志: a7fca162
// 同步 ID: 179da52c @ Fri Jul 10 05:30:40 UTC 2026
// 同步 ID: 2295a053 @ Fri Jul 10 09:29:58 UTC 2026
// 重构日志: f239aa66
// 重构日志: a5ba5bf0
// 重构日志: fcfbc76c
// 重构日志: 1476572b
// 同步 ID: d7149eeb @ Sat Jul 11 15:33:30 UTC 2026
// 重构日志: 2505db33
